<?xml version="1.0" encoding="UTF-8"?>
<!-- Generated by org.testng.reporters.JUnitReportReporter -->
<testsuite hostname="sarada-HP-255-G6-Notebook-PC" failures="0" tests="2" name="Test.Test_xml_TestNG2" time="26.449" errors="0" timestamp="17 Apr 2020 07:24:06 GMT" skipped="0">
  <testcase classname="Test.Test_xml_TestNG2" name="googlesearch" time="15.271"/>
  <testcase classname="Test.Test_xml_TestNG2" name="googlesearchikea" time="11.178"/>
</testsuite> <!-- Test.Test_xml_TestNG2 -->
