<?xml version="1.0" encoding="UTF-8"?>
<!-- Generated by org.testng.reporters.JUnitReportReporter -->
<testsuite hostname="sarada-HP-255-G6-Notebook-PC" failures="0" tests="2" name="Test.ExtentReportWithTestNG2xmldemo" time="26.612" errors="0" timestamp="17 Apr 2020 07:24:06 GMT" skipped="0">
  <testcase classname="Test.ExtentReportWithTestNG2xmldemo" name="Test2" time="14.176"/>
  <testcase classname="Test.ExtentReportWithTestNG2xmldemo" name="test" time="12.436"/>
</testsuite> <!-- Test.ExtentReportWithTestNG2xmldemo -->
