<?xml version="1.0" encoding="UTF-8"?>
<!-- Generated by org.testng.reporters.JUnitReportReporter -->
<testsuite hostname="sarada-HP-255-G6-Notebook-PC" failures="0" tests="1" name="Test.Test_TestNG2_xml" time="5.314" errors="0" timestamp="17 Apr 2020 06:21:20 GMT" skipped="0">
  <testcase classname="Test.Test_TestNG2_xml" name="googlesearch" time="5.314"/>
</testsuite> <!-- Test.Test_TestNG2_xml -->
