<?xml version="1.0" encoding="UTF-8"?>
<!-- Generated by org.testng.reporters.JUnitReportReporter -->
<testsuite hostname="sarada-HP-255-G6-Notebook-PC" failures="0" tests="3" name="utils.ExcelDataProviderFuncTestNG" time="11.110" errors="0" timestamp="18 Apr 2020 08:38:01 GMT" skipped="0">
  <testcase classname="utils.ExcelDataProviderFuncTestNG" name="test1" time="3.280"/>
  <testcase classname="utils.ExcelDataProviderFuncTestNG" name="test1" time="3.475"/>
  <testcase classname="utils.ExcelDataProviderFuncTestNG" name="test1" time="4.355"/>
</testsuite> <!-- utils.ExcelDataProviderFuncTestNG -->
