<?xml version="1.0" encoding="UTF-8"?>
<!-- Generated by org.testng.reporters.JUnitReportReporter -->
<testsuite hostname="sarada-HP-255-G6-Notebook-PC" failures="0" tests="1" name="HeadlessBrowserDemo.HEsadLessBrowserTest" time="3.948" errors="0" timestamp="19 Apr 2020 17:01:23 GMT" skipped="0">
  <testcase classname="HeadlessBrowserDemo.HEsadLessBrowserTest" name="headlessBrowser" time="3.948"/>
</testsuite> <!-- HeadlessBrowserDemo.HEsadLessBrowserTest -->
