<?xml version="1.0" encoding="UTF-8"?>
<!-- Generated by org.testng.reporters.JUnitReportReporter -->
<testsuite hostname="sarada-HP-255-G6-Notebook-PC" failures="0" tests="2" name="ParametersDemo.ParameterTestNG" time="0.020" errors="0" timestamp="19 Apr 2020 09:14:15 GMT" skipped="0">
  <testcase classname="ParametersDemo.ParameterTestNG" name="testParameters" time="0.018"/>
  <testcase classname="ParametersDemo.ParameterTestNG" name="testParametersOptional" time="0.002"/>
</testsuite> <!-- ParametersDemo.ParameterTestNG -->
