<?xml version="1.0" encoding="UTF-8"?>
<!-- Generated by org.testng.reporters.JUnitReportReporter -->
<testsuite hostname="sarada-HP-255-G6-Notebook-PC" failures="0" tests="5" name="grouping.SingleGrouping" time="0.043" errors="0" timestamp="19 Apr 2020 09:32:23 GMT" skipped="0">
  <testcase classname="grouping.SingleGrouping" name="test5" time="0.004"/>
  <testcase classname="grouping.SingleGrouping" name="test3" time="0.008"/>
  <testcase classname="grouping.SingleGrouping" name="test4" time="0.010"/>
  <testcase classname="grouping.SingleGrouping" name="test1" time="0.018"/>
  <testcase classname="grouping.SingleGrouping" name="test2" time="0.003"/>
</testsuite> <!-- grouping.SingleGrouping -->
