<?xml version="1.0" encoding="UTF-8"?>
<!-- Generated by org.testng.reporters.JUnitReportReporter -->
<testsuite hostname="sarada-HP-255-G6-Notebook-PC" failures="0" tests="2" name="Test.ExtentReportWithTestNG" time="10.340" errors="0" timestamp="16 Apr 2020 12:51:28 GMT" skipped="0">
  <testcase classname="Test.ExtentReportWithTestNG" name="test" time="4.273"/>
  <testcase classname="Test.ExtentReportWithTestNG" name="Test2" time="6.067"/>
</testsuite> <!-- Test.ExtentReportWithTestNG -->
