<?xml version="1.0" encoding="UTF-8"?>
<!-- Generated by org.testng.reporters.JUnitReportReporter -->
<testsuite hostname="sarada-HP-255-G6-Notebook-PC" failures="0" tests="1" name="Test.Test_TestNG" time="10.899" errors="0" timestamp="15 Apr 2020 18:37:32 GMT" skipped="0">
  <testcase classname="Test.Test_TestNG" name="googlesearch" time="10.899"/>
</testsuite> <!-- Test.Test_TestNG -->
