<?xml version="1.0" encoding="UTF-8"?>
<!-- Generated by org.testng.reporters.JUnitReportReporter -->
<testsuite hostname="sarada-HP-255-G6-Notebook-PC" failures="0" tests="2" name="TestNGmultibrowsertesting.TestNGMultiBrowserDemo" time="8.016" errors="0" timestamp="18 Apr 2020 18:15:16 GMT" skipped="0">
  <testcase classname="TestNGmultibrowsertesting.TestNGMultiBrowserDemo" name="test1" time="3.149"/>
  <testcase classname="TestNGmultibrowsertesting.TestNGMultiBrowserDemo" name="test1" time="4.867"/>
</testsuite> <!-- TestNGmultibrowsertesting.TestNGMultiBrowserDemo -->
