<?xml version="1.0" encoding="UTF-8"?>
<!-- Generated by org.testng.reporters.JUnitReportReporter -->
<testsuite hostname="sarada-HP-255-G6-Notebook-PC" failures="0" tests="3" name="listeners.TestNGListenerDemo" time="8.337" errors="0" timestamp="19 Apr 2020 09:36:24 GMT" skipped="1">
  <testcase classname="listeners.TestNGListenerDemo" name="test2" time="8.321"/>
  <testcase classname="listeners.TestNGListenerDemo" name="test1" time="0.012"/>
  <testcase classname="listeners.TestNGListenerDemo" name="test3" time="0.004">
    <skipped/>
  </testcase> <!-- test3 -->
</testsuite> <!-- listeners.TestNGListenerDemo -->
