<?xml version="1.0" encoding="UTF-8"?>
<!-- Generated by org.testng.reporters.JUnitReportReporter -->
<testsuite hostname="sarada-HP-255-G6-Notebook-PC" failures="0" tests="3" name="listeners.TestNGListenerDemo2" time="0.046" errors="0" timestamp="19 Apr 2020 09:36:24 GMT" skipped="1">
  <testcase classname="listeners.TestNGListenerDemo2" name="test6" time="0.026">
    <skipped/>
  </testcase> <!-- test6 -->
  <testcase classname="listeners.TestNGListenerDemo2" name="test4" time="0.009"/>
  <testcase classname="listeners.TestNGListenerDemo2" name="test5" time="0.011"/>
</testsuite> <!-- listeners.TestNGListenerDemo2 -->
